<?xml version="1.0" encoding="UTF-8"?>
<coverage generated="1529389959444" clover="3.2.0">
  <project timestamp="1529389959445" name="All files">
    <metrics statements="12" coveredstatements="11" conditionals="0" coveredconditionals="0" methods="6" coveredmethods="5" elements="18" coveredelements="16" complexity="0" loc="12" ncloc="12" packages="1" files="2" classes="2">
      <file name="Search.jsx" path="/Users/learn/Videos-Gallary/js/Search.jsx">
        <metrics statements="7" coveredstatements="7" conditionals="0" coveredconditionals="0" methods="5" coveredmethods="5"/>
        <line num="7" count="3" type="stmt"/>
        <line num="8" count="3" type="stmt"/>
        <line num="11" count="3" type="stmt"/>
        <line num="14" count="1" type="stmt"/>
        <line num="17" count="4" type="stmt"/>
        <line num="31" count="60" type="stmt"/>
        <line num="35" count="47" type="stmt"/>
      </file>
      <file name="ShowCard.jsx" path="/Users/learn/Videos-Gallary/js/ShowCard.jsx">
        <metrics statements="5" coveredstatements="4" conditionals="0" coveredconditionals="0" methods="1" coveredmethods="0"/>
        <line num="5" count="1" type="stmt"/>
        <line num="14" count="1" type="stmt"/>
        <line num="20" count="1" type="stmt"/>
        <line num="21" count="0" type="stmt"/>
        <line num="34" count="1" type="stmt"/>
      </file>
    </metrics>
  </project>
</coverage>
