{"/Users/learn/Videos-Gallary/js/Search.jsx": {"path":"/Users/learn/Videos-Gallary/js/Search.jsx","statementMap":{"0":{"start":{"line":7,"column":4},"end":{"line":7,"column":17}},"1":{"start":{"line":8,"column":4},"end":{"line":10,"column":6}},"2":{"start":{"line":11,"column":4},"end":{"line":11,"column":73}},"3":{"start":{"line":14,"column":4},"end":{"line":14,"column":54}},"4":{"start":{"line":17,"column":4},"end":{"line":38,"column":6}},"5":{"start":{"line":31,"column":14},"end":{"line":33,"column":62}},"6":{"start":{"line":35,"column":25},"end":{"line":35,"column":65}}},"fnMap":{"0":{"name":"(anonymous_0)","decl":{"start":{"line":6,"column":2},"end":{"line":6,"column":3}},"loc":{"start":{"line":6,"column":21},"end":{"line":12,"column":3}},"line":6},"1":{"name":"(anonymous_1)","decl":{"start":{"line":13,"column":2},"end":{"line":13,"column":3}},"loc":{"start":{"line":13,"column":32},"end":{"line":15,"column":3}},"line":13},"2":{"name":"(anonymous_2)","decl":{"start":{"line":16,"column":2},"end":{"line":16,"column":3}},"loc":{"start":{"line":16,"column":11},"end":{"line":39,"column":3}},"line":16},"3":{"name":"(anonymous_3)","decl":{"start":{"line":30,"column":20},"end":{"line":30,"column":21}},"loc":{"start":{"line":31,"column":14},"end":{"line":33,"column":62}},"line":31},"4":{"name":"(anonymous_4)","decl":{"start":{"line":35,"column":17},"end":{"line":35,"column":18}},"loc":{"start":{"line":35,"column":25},"end":{"line":35,"column":65}},"line":35}},"branchMap":{},"s":{"0":3,"1":3,"2":3,"3":1,"4":4,"5":60,"6":47},"f":{"0":3,"1":1,"2":4,"3":60,"4":47},"b":{},"_coverageSchema":"332fd63041d2c1bcb487cc26dd0d5f7d97098a6c","hash":"6f08bdec913e118b5b68c9685a08e3c4f3c06b32"}
,"/Users/learn/Videos-Gallary/js/ShowCard.jsx": {"path":"/Users/learn/Videos-Gallary/js/ShowCard.jsx","statementMap":{"0":{"start":{"line":5,"column":16},"end":{"line":12,"column":1}},"1":{"start":{"line":14,"column":14},"end":{"line":18,"column":1}},"2":{"start":{"line":20,"column":17},"end":{"line":32,"column":1}},"3":{"start":{"line":21,"column":2},"end":{"line":31,"column":12}},"4":{"start":{"line":34,"column":0},"end":{"line":39,"column":2}}},"fnMap":{"0":{"name":"(anonymous_0)","decl":{"start":{"line":20,"column":17},"end":{"line":20,"column":18}},"loc":{"start":{"line":21,"column":2},"end":{"line":31,"column":12}},"line":21}},"branchMap":{},"s":{"0":1,"1":1,"2":1,"3":0,"4":1},"f":{"0":0},"b":{},"_coverageSchema":"332fd63041d2c1bcb487cc26dd0d5f7d97098a6c","hash":"f884d8e3273051d788d2da93ca643642df31b643"}
}
