TN:
SF:/Users/learn/Videos-Gallary/js/Search.jsx
FN:6,(anonymous_0)
FN:13,(anonymous_1)
FN:16,(anonymous_2)
FN:30,(anonymous_3)
FN:35,(anonymous_4)
FNF:5
FNH:5
FNDA:3,(anonymous_0)
FNDA:1,(anonymous_1)
FNDA:4,(anonymous_2)
FNDA:60,(anonymous_3)
FNDA:47,(anonymous_4)
DA:7,3
DA:8,3
DA:11,3
DA:14,1
DA:17,4
DA:31,60
DA:35,47
LF:7
LH:7
BRF:0
BRH:0
end_of_record
TN:
SF:/Users/learn/Videos-Gallary/js/ShowCard.jsx
FN:20,(anonymous_0)
FNF:1
FNH:0
FNDA:0,(anonymous_0)
DA:5,1
DA:14,1
DA:20,1
DA:21,0
DA:34,1
LF:5
LH:4
BRF:0
BRH:0
end_of_record
